mktextfm ecrm1095
mktextfm ptmr8t
mktextfm ptmr8t
mktextfm ptmrc8t
mktextfm ptmr8t
mktextfm ptmrc8t
mktextfm ptmr8t
mktextfm ptmb8t
mktextfm nullfont
mktextfm ptmr8t
mktextfm ptmb8t
mktextfm nullfont
mktextfm pcrr8t
mktextfm ptmr8t
mktextfm ptmb8t
mktextfm nullfont
mktextfm ptmr8t
mktextfm ptmr8t
mktextfm ptmr8t
mktextfm pcrr8t
mktextfm ptmb8t
mktextfm nullfont
mktextfm ecrm1095
mktextfm ptmr8t
mktextfm ptmr8t
mktextfm ptmrc8t
mktextfm ptmr8t
mktextfm ptmrc8t
mktextfm ptmr8t
mktextfm ptmb8t
mktextfm nullfont
mktextfm ptmr8t
mktextfm ptmb8t
mktextfm nullfont
mktextfm pcrr8t
mktextfm ptmr8t
mktextfm ptmb8t
mktextfm nullfont
mktextfm ptmr8t
mktextfm ptmr8t
mktextfm ptmr8t
mktextfm pcrr8t
mktextfm ptmb8t
mktextfm nullfont
mktextfm ptmrc8t
mktextfm ptmb8t
mktextfm nullfont
